2026-07-10T00:16:40.693-05:00  INFO 23544 --- [Lavalink] [main] lavalink.server.Launcher                 : Starting Launcher v4.1.1 using Java 17.0.17 with PID 23544 (D:\Projects\The Oracle\ai-dm-sicord-bot\Lavalink.jar started by holypolarpanda77 in D:\Projects\The Oracle\ai-dm-sicord-bot)
2026-07-10T00:16:40.701-05:00  INFO 23544 --- [Lavalink] [main] lavalink.server.Launcher                 : No active profile set, falling back to 1 default profile: "default"
2026-07-10T00:16:41.193-05:00  INFO 23544 --- [Lavalink] [main] o.s.cloud.context.scope.GenericScope     : BeanFactory id=3d6bf653-92ea-3fde-943a-10b9f8cd696e
2026-07-10T00:16:42.764-05:00  INFO 23544 --- [Lavalink] [main] o.s.cloud.commons.util.InetUtils         : Cannot determine local hostname
2026-07-10T00:16:42.816-05:00  INFO 23544 --- [Lavalink] [main] lavalink.server.Launcher                 : Started Launcher in 3.725 seconds (process running for 4.35)
2026-07-10T00:16:43.950-05:00  INFO 23544 --- [Lavalink] [main] lavalink.server.Launcher                 : 

[32m       .  [31m _                  _ _       _    [32m__ _ _
[32m      /\\ [31m| | __ ___   ____ _| (_)_ __ | | __[32m\ \ \ \
[32m     ( ( )[31m| |/ _` \ \ / / _` | | | '_ \| |/ /[32m \ \ \ \
[32m      \\/ [31m| | (_| |\ V / (_| | | | | | |   < [32m  ) ) ) )
[32m       '  [31m|_|\__,_| \_/ \__,_|_|_|_| |_|_|\_\[32m / / / /
[0m    =========================================[32m/_/_/_/[0m

	Version:        4.1.1
	Build time:     05.06.2025 07:37:42 UTC
	Branch          HEAD
	Commit:         4238202
	Commit time:    05.06.2025 07:11:37 UTC
	JVM:            17.0.17
	Lavaplayer      2.2.3

2026-07-10T00:16:43.958-05:00  INFO 23544 --- [Lavalink] [main] lavalink.server.Launcher                 : No active profile set, falling back to 1 default profile: "default"
2026-07-10T00:16:44.596-05:00  WARN 23544 --- [Lavalink] [main] io.undertow.websockets.jsr               : UT026010: Buffer pool was not set on WebSocketDeploymentInfo, the default pool will be used
2026-07-10T00:16:44.629-05:00  INFO 23544 --- [Lavalink] [main] io.undertow.servlet                      : Initializing Spring embedded WebApplicationContext
2026-07-10T00:16:44.629-05:00  INFO 23544 --- [Lavalink] [main] w.s.c.ServletWebServerApplicationContext : Root WebApplicationContext: initialization completed in 668 ms
2026-07-10T00:16:44.753-05:00  INFO 23544 --- [Lavalink] [main] c.s.d.l.tools.GarbageCollectionMonitor   : GC monitoring enabled, reporting results every 2 minutes.
2026-07-10T00:16:44.891-05:00  WARN 23544 --- [Lavalink] [main] l.s.config.AudioPlayerConfiguration      : The default Youtube source is now deprecated and won't receive further updates.
You should use the new Youtube source plugin instead.
https://github.com/lavalink-devs/youtube-source#plugin.
To disable this warning, set 'lavalink.server.sources.youtube' to false in your application.yml.
2026-07-10T00:16:46.875-05:00  INFO 23544 --- [Lavalink] [main] l.server.config.KoeConfiguration         : OS: WINDOWS, Arch: X86_64
2026-07-10T00:16:46.875-05:00  INFO 23544 --- [Lavalink] [main] l.server.config.KoeConfiguration         : Enabling JDA-NAS
2026-07-10T00:16:46.878-05:00  INFO 23544 --- [Lavalink] [main] c.s.l.c.natives.NativeLibraryLoader      : Native library udpqueue: loading with filter null
2026-07-10T00:16:46.884-05:00  INFO 23544 --- [Lavalink] [main] c.s.l.c.natives.NativeLibraryLoader      : Native library udpqueue: successfully loaded.
2026-07-10T00:16:46.911-05:00  WARN 23544 --- [Lavalink] [main] l.server.config.SentryConfiguration      : Turning off sentry
2026-07-10T00:16:47.161-05:00  INFO 23544 --- [Lavalink] [main] io.undertow                              : starting server: Undertow - 2.3.13.Final
2026-07-10T00:16:47.169-05:00  INFO 23544 --- [Lavalink] [main] org.xnio                                 : XNIO version 3.8.8.Final
2026-07-10T00:16:47.180-05:00  INFO 23544 --- [Lavalink] [main] org.xnio.nio                             : XNIO NIO Implementation Version 3.8.8.Final
2026-07-10T00:16:47.245-05:00  INFO 23544 --- [Lavalink] [main] org.jboss.threads                        : JBoss Threads version 3.5.0.Final
2026-07-10T00:16:47.285-05:00  INFO 23544 --- [Lavalink] [main] o.s.b.w.e.undertow.UndertowWebServer     : Undertow started on port 2333 (http) with context path '/'
2026-07-10T00:16:47.358-05:00  INFO 23544 --- [Lavalink] [XNIO-1 task-2] io.undertow.servlet                      : Initializing Spring DispatcherServlet 'dispatcherServlet'
2026-07-10T00:16:47.358-05:00  INFO 23544 --- [Lavalink] [XNIO-1 task-2] o.s.web.servlet.DispatcherServlet        : Initializing Servlet 'dispatcherServlet'
2026-07-10T00:16:47.360-05:00  INFO 23544 --- [Lavalink] [XNIO-1 task-2] o.s.web.servlet.DispatcherServlet        : Completed initialization in 2 ms
2026-07-10T00:16:47.384-05:00  INFO 23544 --- [Lavalink] [XNIO-1 task-2] l.server.io.HandshakeInterceptorImpl     : Incoming connection from /127.0.0.1:51733
2026-07-10T00:16:47.403-05:00  INFO 23544 --- [Lavalink] [XNIO-1 task-2] l.server.io.RequestLoggingFilter         : GET /v4/websocket
2026-07-10T00:16:47.459-05:00  INFO 23544 --- [Lavalink] [XNIO-1 task-2] lavalink.server.io.SocketServer          : Connection successfully established from Wavelink/3.4.1
2026-07-10T00:16:47.568-05:00  INFO 23544 --- [Lavalink] [XNIO-1 task-3] l.server.io.RequestLoggingFilter         : PATCH /v4/sessions/pwxnzc1tjo1fx330, payload={"resuming": true, "timeout": 60}
2026-07-10T00:16:47.581-05:00  INFO 23544 --- [Lavalink] [XNIO-1 task-3] l.server.io.RequestLoggingFilter         : GET /v4/info
2026-07-10T00:16:48.375-05:00  INFO 23544 --- [Lavalink] [main] o.s.cloud.commons.util.InetUtils         : Cannot determine local hostname
2026-07-10T00:16:49.461-05:00  INFO 23544 --- [Lavalink] [main] o.s.cloud.commons.util.InetUtils         : Cannot determine local hostname
2026-07-10T00:16:49.466-05:00  INFO 23544 --- [Lavalink] [main] lavalink.server.Launcher                 : Started Launcher in 6.645 seconds (process running for 11.0)
2026-07-10T00:16:49.467-05:00  INFO 23544 --- [Lavalink] [main] lavalink.server.Launcher                 : Lavalink is ready to accept connections.
2026-07-10T00:23:12.747-05:00  INFO 17452 --- [Lavalink] [main] lavalink.server.Launcher                 : Starting Launcher v4.1.1 using Java 17.0.17 with PID 17452 (D:\Projects\The Oracle\ai-dm-sicord-bot\Lavalink.jar started by holypolarpanda77 in D:\Projects\The Oracle\ai-dm-sicord-bot)
2026-07-10T00:23:12.750-05:00  INFO 17452 --- [Lavalink] [main] lavalink.server.Launcher                 : No active profile set, falling back to 1 default profile: "default"
2026-07-10T00:23:13.237-05:00  INFO 17452 --- [Lavalink] [main] o.s.cloud.context.scope.GenericScope     : BeanFactory id=3d6bf653-92ea-3fde-943a-10b9f8cd696e
2026-07-10T00:23:14.828-05:00  INFO 17452 --- [Lavalink] [main] o.s.cloud.commons.util.InetUtils         : Cannot determine local hostname
2026-07-10T00:23:14.872-05:00  INFO 17452 --- [Lavalink] [main] lavalink.server.Launcher                 : Started Launcher in 3.657 seconds (process running for 4.147)
2026-07-10T00:23:15.995-05:00  INFO 17452 --- [Lavalink] [main] lavalink.server.Launcher                 : 

[32m       .  [31m _                  _ _       _    [32m__ _ _
[32m      /\\ [31m| | __ ___   ____ _| (_)_ __ | | __[32m\ \ \ \
[32m     ( ( )[31m| |/ _` \ \ / / _` | | | '_ \| |/ /[32m \ \ \ \
[32m      \\/ [31m| | (_| |\ V / (_| | | | | | |   < [32m  ) ) ) )
[32m       '  [31m|_|\__,_| \_/ \__,_|_|_|_| |_|_|\_\[32m / / / /
[0m    =========================================[32m/_/_/_/[0m

	Version:        4.1.1
	Build time:     05.06.2025 07:37:42 UTC
	Branch          HEAD
	Commit:         4238202
	Commit time:    05.06.2025 07:11:37 UTC
	JVM:            17.0.17
	Lavaplayer      2.2.3

2026-07-10T00:23:16.004-05:00  INFO 17452 --- [Lavalink] [main] lavalink.server.Launcher                 : No active profile set, falling back to 1 default profile: "default"
2026-07-10T00:23:16.551-05:00  WARN 17452 --- [Lavalink] [main] io.undertow.websockets.jsr               : UT026010: Buffer pool was not set on WebSocketDeploymentInfo, the default pool will be used
2026-07-10T00:23:16.571-05:00  INFO 17452 --- [Lavalink] [main] io.undertow.servlet                      : Initializing Spring embedded WebApplicationContext
2026-07-10T00:23:16.571-05:00  INFO 17452 --- [Lavalink] [main] w.s.c.ServletWebServerApplicationContext : Root WebApplicationContext: initialization completed in 564 ms
2026-07-10T00:23:16.667-05:00  INFO 17452 --- [Lavalink] [main] c.s.d.l.tools.GarbageCollectionMonitor   : GC monitoring enabled, reporting results every 2 minutes.
2026-07-10T00:23:16.772-05:00  WARN 17452 --- [Lavalink] [main] l.s.config.AudioPlayerConfiguration      : The default Youtube source is now deprecated and won't receive further updates.
You should use the new Youtube source plugin instead.
https://github.com/lavalink-devs/youtube-source#plugin.
To disable this warning, set 'lavalink.server.sources.youtube' to false in your application.yml.
2026-07-10T00:23:21.002-05:00  WARN 17452 --- [Lavalink] [main] s.d.l.s.t.TwitchStreamAudioSourceManager : Failed to fetch Twitch source keys. Key fetching will be retried upon loading a Twitch track. This warning can be ignored unless the issue persists.

com.sedmelluq.discord.lavaplayer.tools.FriendlyException: Loading Twitch main page failed.
	at com.sedmelluq.discord.lavaplayer.source.twitch.TwitchStreamAudioSourceManager.initRequestHeaders(TwitchStreamAudioSourceManager.java:232) ~[lavaplayer-2.2.3.jar!/:na]
	at com.sedmelluq.discord.lavaplayer.source.twitch.TwitchStreamAudioSourceManager.<init>(TwitchStreamAudioSourceManager.java:60) ~[lavaplayer-2.2.3.jar!/:na]
	at lavalink.server.config.AudioPlayerConfiguration.audioPlayerManagerSupplier(AudioPlayerConfiguration.kt:176) ~[classes!/:4.1.1]
	at lavalink.server.config.AudioPlayerConfiguration$$SpringCGLIB$$0.CGLIB$audioPlayerManagerSupplier$1(<generated>) ~[classes!/:4.1.1]
	at lavalink.server.config.AudioPlayerConfiguration$$SpringCGLIB$$FastClass$$1.invoke(<generated>) ~[classes!/:4.1.1]
	at org.springframework.cglib.proxy.MethodProxy.invokeSuper(MethodProxy.java:258) ~[spring-core-6.1.15.jar!/:6.1.15]
	at org.springframework.context.annotation.ConfigurationClassEnhancer$BeanMethodInterceptor.intercept(ConfigurationClassEnhancer.java:339) ~[spring-context-6.1.9.jar!/:6.1.9]
	at lavalink.server.config.AudioPlayerConfiguration$$SpringCGLIB$$0.audioPlayerManagerSupplier(<generated>) ~[classes!/:4.1.1]
	at java.base/jdk.internal.reflect.NativeMethodAccessorImpl.invoke0(Native Method) ~[na:na]
	at java.base/jdk.internal.reflect.NativeMethodAccessorImpl.invoke(NativeMethodAccessorImpl.java:77) ~[na:na]
	at java.base/jdk.internal.reflect.DelegatingMethodAccessorImpl.invoke(DelegatingMethodAccessorImpl.java:43) ~[na:na]
	at java.base/java.lang.reflect.Method.invoke(Method.java:569) ~[na:na]
	at org.springframework.beans.factory.support.SimpleInstantiationStrategy.instantiate(SimpleInstantiationStrategy.java:146) ~[spring-beans-6.1.15.jar!/:6.1.15]
	at org.springframework.beans.factory.support.ConstructorResolver.instantiate(ConstructorResolver.java:644) ~[spring-beans-6.1.15.jar!/:6.1.15]
	at org.springframework.beans.factory.support.ConstructorResolver.instantiateUsingFactoryMethod(ConstructorResolver.java:636) ~[spring-beans-6.1.15.jar!/:6.1.15]
	at org.springframework.beans.factory.support.AbstractAutowireCapableBeanFactory.instantiateUsingFactoryMethod(AbstractAutowireCapableBeanFactory.java:1355) ~[spring-beans-6.1.15.jar!/:6.1.15]
	at org.springframework.beans.factory.support.AbstractAutowireCapableBeanFactory.createBeanInstance(AbstractAutowireCapableBeanFactory.java:1185) ~[spring-beans-6.1.15.jar!/:6.1.15]
	at org.springframework.beans.factory.support.AbstractAutowireCapableBeanFactory.doCreateBean(AbstractAutowireCapableBeanFactory.java:562) ~[spring-beans-6.1.15.jar!/:6.1.15]
	at org.springframework.beans.factory.support.AbstractAutowireCapableBeanFactory.createBean(AbstractAutowireCapableBeanFactory.java:522) ~[spring-beans-6.1.15.jar!/:6.1.15]
	at org.springframework.beans.factory.support.AbstractBeanFactory.lambda$doGetBean$0(AbstractBeanFactory.java:337) ~[spring-beans-6.1.15.jar!/:6.1.15]
	at org.springframework.beans.factory.support.DefaultSingletonBeanRegistry.getSingleton(DefaultSingletonBeanRegistry.java:234) ~[spring-beans-6.1.15.jar!/:6.1.15]
	at org.springframework.beans.factory.support.AbstractBeanFactory.doGetBean(AbstractBeanFactory.java:335) ~[spring-beans-6.1.15.jar!/:6.1.15]
	at org.springframework.beans.factory.support.AbstractBeanFactory.getBean(AbstractBeanFactory.java:200) ~[spring-beans-6.1.15.jar!/:6.1.15]
	at org.springframework.beans.factory.config.DependencyDescriptor.resolveCandidate(DependencyDescriptor.java:254) ~[spring-beans-6.1.15.jar!/:6.1.15]
	at org.springframework.beans.factory.support.DefaultListableBeanFactory.doResolveDependency(DefaultListableBeanFactory.java:1443) ~[spring-beans-6.1.15.jar!/:6.1.15]
	at org.springframework.beans.factory.support.DefaultListableBeanFactory.resolveDependency(DefaultListableBeanFactory.java:1353) ~[spring-beans-6.1.15.jar!/:6.1.15]
	at org.springframework.beans.factory.support.ConstructorResolver.resolveAutowiredArgument(ConstructorResolver.java:904) ~[spring-beans-6.1.15.jar!/:6.1.15]
	at org.springframework.beans.factory.support.ConstructorResolver.createArgumentArray(ConstructorResolver.java:782) ~[spring-beans-6.1.15.jar!/:6.1.15]
	at org.springframework.beans.factory.support.ConstructorResolver.autowireConstructor(ConstructorResolver.java:237) ~[spring-beans-6.1.15.jar!/:6.1.15]
	at org.springframework.beans.factory.support.AbstractAutowireCapableBeanFactory.autowireConstructor(AbstractAutowireCapableBeanFactory.java:1375) ~[spring-beans-6.1.15.jar!/:6.1.15]
	at org.springframework.beans.factory.support.AbstractAutowireCapableBeanFactory.createBeanInstance(AbstractAutowireCapableBeanFactory.java:1212) ~[spring-beans-6.1.15.jar!/:6.1.15]
	at org.springframework.beans.factory.support.AbstractAutowireCapableBeanFactory.doCreateBean(AbstractAutowireCapableBeanFactory.java:562) ~[spring-beans-6.1.15.jar!/:6.1.15]
	at org.springframework.beans.factory.support.AbstractAutowireCapableBeanFactory.createBean(AbstractAutowireCapableBeanFactory.java:522) ~[spring-beans-6.1.15.jar!/:6.1.15]
	at org.springframework.beans.factory.support.AbstractBeanFactory.lambda$doGetBean$0(AbstractBeanFactory.java:337) ~[spring-beans-6.1.15.jar!/:6.1.15]
	at org.springframework.beans.factory.support.DefaultSingletonBeanRegistry.getSingleton(DefaultSingletonBeanRegistry.java:234) ~[spring-beans-6.1.15.jar!/:6.1.15]
	at org.springframework.beans.factory.support.AbstractBeanFactory.doGetBean(AbstractBeanFactory.java:335) ~[spring-beans-6.1.15.jar!/:6.1.15]
	at org.springframework.beans.factory.support.AbstractBeanFactory.getBean(AbstractBeanFactory.java:200) ~[spring-beans-6.1.15.jar!/:6.1.15]
	at org.springframework.beans.factory.support.DefaultListableBeanFactory.preInstantiateSingletons(DefaultListableBeanFactory.java:975) ~[spring-beans-6.1.15.jar!/:6.1.15]
	at org.springframework.context.support.AbstractApplicationContext.finishBeanFactoryInitialization(AbstractApplicationContext.java:962) ~[spring-context-6.1.9.jar!/:6.1.9]
	at org.springframework.context.support.AbstractApplicationContext.refresh(AbstractApplicationContext.java:624) ~[spring-context-6.1.9.jar!/:6.1.9]
	at org.springframework.boot.web.servlet.context.ServletWebServerApplicationContext.refresh(ServletWebServerApplicationContext.java:146) ~[spring-boot-3.3.0.jar!/:3.3.0]
	at org.springframework.boot.SpringApplication.refresh(SpringApplication.java:754) ~[spring-boot-3.3.0.jar!/:3.3.0]
	at org.springframework.boot.SpringApplication.refreshContext(SpringApplication.java:456) ~[spring-boot-3.3.0.jar!/:3.3.0]
	at org.springframework.boot.SpringApplication.run(SpringApplication.java:335) ~[spring-boot-3.3.0.jar!/:3.3.0]
	at org.springframework.boot.builder.SpringApplicationBuilder.run(SpringApplicationBuilder.java:149) ~[spring-boot-3.3.0.jar!/:3.3.0]
	at lavalink.server.Launcher.launchMain(Launcher.kt:164) ~[classes!/:4.1.1]
	at lavalink.server.Launcher.main(Launcher.kt:126) ~[classes!/:4.1.1]
	at java.base/jdk.internal.reflect.NativeMethodAccessorImpl.invoke0(Native Method) ~[na:na]
	at java.base/jdk.internal.reflect.NativeMethodAccessorImpl.invoke(NativeMethodAccessorImpl.java:77) ~[na:na]
	at java.base/jdk.internal.reflect.DelegatingMethodAccessorImpl.invoke(DelegatingMethodAccessorImpl.java:43) ~[na:na]
	at java.base/java.lang.reflect.Method.invoke(Method.java:569) ~[na:na]
	at org.springframework.boot.loader.MainMethodRunner.run(MainMethodRunner.java:49) ~[Lavalink.jar:4.1.1]
	at org.springframework.boot.loader.Launcher.launch(Launcher.java:95) ~[Lavalink.jar:4.1.1]
	at org.springframework.boot.loader.Launcher.launch(Launcher.java:58) ~[Lavalink.jar:4.1.1]
	at org.springframework.boot.loader.JarLauncher.main(JarLauncher.java:65) ~[Lavalink.jar:4.1.1]
Caused by: org.apache.http.conn.ConnectTimeoutException: Connect to www.twitch.tv:443 [www.twitch.tv/151.101.46.214] failed: Read timed out
	at com.sedmelluq.discord.lavaplayer.tools.http.ExtendedConnectionOperator.connectWithDestination(ExtendedConnectionOperator.java:150) ~[lavaplayer-2.2.3.jar!/:na]
	at com.sedmelluq.discord.lavaplayer.tools.http.ExtendedConnectionOperator.connect(ExtendedConnectionOperator.java:69) ~[lavaplayer-2.2.3.jar!/:na]
	at org.apache.http.impl.conn.PoolingHttpClientConnectionManager.connect(PoolingHttpClientConnectionManager.java:376) ~[httpclient-4.5.14.jar!/:4.5.14]
	at org.apache.http.impl.execchain.MainClientExec.establishRoute(MainClientExec.java:393) ~[httpclient-4.5.14.jar!/:4.5.14]
	at org.apache.http.impl.execchain.MainClientExec.execute(MainClientExec.java:236) ~[httpclient-4.5.14.jar!/:4.5.14]
	at org.apache.http.impl.execchain.ProtocolExec.execute(ProtocolExec.java:186) ~[httpclient-4.5.14.jar!/:4.5.14]
	at org.apache.http.impl.execchain.RetryExec.execute(RetryExec.java:89) ~[httpclient-4.5.14.jar!/:4.5.14]
	at org.apache.http.impl.execchain.RedirectExec.execute(RedirectExec.java:110) ~[httpclient-4.5.14.jar!/:4.5.14]
	at org.apache.http.impl.client.InternalHttpClient.doExecute(InternalHttpClient.java:185) ~[httpclient-4.5.14.jar!/:4.5.14]
	at org.apache.http.impl.client.CloseableHttpClient.execute(CloseableHttpClient.java:83) ~[httpclient-4.5.14.jar!/:4.5.14]
	at com.sedmelluq.discord.lavaplayer.tools.io.HttpInterface.execute(HttpInterface.java:73) ~[lavaplayer-2.2.3.jar!/:na]
	at com.sedmelluq.discord.lavaplayer.source.twitch.TwitchStreamAudioSourceManager.initRequestHeaders(TwitchStreamAudioSourceManager.java:220) ~[lavaplayer-2.2.3.jar!/:na]
	... 54 common frames omitted
	Suppressed: com.sedmelluq.discord.lavaplayer.tools.http.ExtendedConnectionOperator$AdditionalDetails: Encountered when opening a connection with the following details:
  host: https://www.twitch.tv:443
  localAddress: <unspecified>
  remoteAddress: www.twitch.tv/151.101.46.214:443
  connectTimeout: 3000
  triedAddresses: www.twitch.tv/151.101.46.214
Caused by: java.net.SocketTimeoutException: Read timed out
	at java.base/sun.nio.ch.NioSocketImpl.timedRead(NioSocketImpl.java:288) ~[na:na]
	at java.base/sun.nio.ch.NioSocketImpl.implRead(NioSocketImpl.java:314) ~[na:na]
	at java.base/sun.nio.ch.NioSocketImpl.read(NioSocketImpl.java:355) ~[na:na]
	at java.base/sun.nio.ch.NioSocketImpl$1.read(NioSocketImpl.java:808) ~[na:na]
	at java.base/java.net.Socket$SocketInputStream.read(Socket.java:966) ~[na:na]
	at java.base/sun.security.ssl.SSLSocketInputRecord.read(SSLSocketInputRecord.java:484) ~[na:na]
	at java.base/sun.security.ssl.SSLSocketInputRecord.readHeader(SSLSocketInputRecord.java:478) ~[na:na]
	at java.base/sun.security.ssl.SSLSocketInputRecord.decode(SSLSocketInputRecord.java:160) ~[na:na]
	at java.base/sun.security.ssl.SSLTransport.decode(SSLTransport.java:111) ~[na:na]
	at java.base/sun.security.ssl.SSLSocketImpl.decode(SSLSocketImpl.java:1510) ~[na:na]
	at java.base/sun.security.ssl.SSLSocketImpl.readHandshakeRecord(SSLSocketImpl.java:1425) ~[na:na]
	at java.base/sun.security.ssl.SSLSocketImpl.startHandshake(SSLSocketImpl.java:455) ~[na:na]
	at java.base/sun.security.ssl.SSLSocketImpl.startHandshake(SSLSocketImpl.java:426) ~[na:na]
	at org.apache.http.conn.ssl.SSLConnectionSocketFactory.createLayeredSocket(SSLConnectionSocketFactory.java:436) ~[httpclient-4.5.14.jar!/:4.5.14]
	at org.apache.http.conn.ssl.SSLConnectionSocketFactory.connectSocket(SSLConnectionSocketFactory.java:384) ~[httpclient-4.5.14.jar!/:4.5.14]
	at com.sedmelluq.discord.lavaplayer.tools.http.ExtendedConnectionOperator.connectWithDestination(ExtendedConnectionOperator.java:145) ~[lavaplayer-2.2.3.jar!/:na]
	... 65 common frames omitted

2026-07-10T00:23:21.140-05:00  INFO 17452 --- [Lavalink] [main] l.server.config.KoeConfiguration         : OS: WINDOWS, Arch: X86_64
2026-07-10T00:23:21.141-05:00  INFO 17452 --- [Lavalink] [main] l.server.config.KoeConfiguration         : Enabling JDA-NAS
2026-07-10T00:23:21.143-05:00  INFO 17452 --- [Lavalink] [main] c.s.l.c.natives.NativeLibraryLoader      : Native library udpqueue: loading with filter null
2026-07-10T00:23:21.148-05:00  INFO 17452 --- [Lavalink] [main] c.s.l.c.natives.NativeLibraryLoader      : Native library udpqueue: successfully loaded.
2026-07-10T00:23:21.171-05:00  WARN 17452 --- [Lavalink] [main] l.server.config.SentryConfiguration      : Turning off sentry
2026-07-10T00:23:21.418-05:00  INFO 17452 --- [Lavalink] [main] io.undertow                              : starting server: Undertow - 2.3.13.Final
2026-07-10T00:23:21.431-05:00  INFO 17452 --- [Lavalink] [main] org.xnio                                 : XNIO version 3.8.8.Final
2026-07-10T00:23:21.438-05:00  INFO 17452 --- [Lavalink] [main] org.xnio.nio                             : XNIO NIO Implementation Version 3.8.8.Final
2026-07-10T00:23:21.494-05:00  INFO 17452 --- [Lavalink] [main] org.jboss.threads                        : JBoss Threads version 3.5.0.Final
2026-07-10T00:23:21.537-05:00  INFO 17452 --- [Lavalink] [main] o.s.b.w.e.undertow.UndertowWebServer     : Undertow started on port 2333 (http) with context path '/'
2026-07-10T00:23:22.331-05:00  INFO 17452 --- [Lavalink] [XNIO-1 task-2] io.undertow.servlet                      : Initializing Spring DispatcherServlet 'dispatcherServlet'
2026-07-10T00:23:22.331-05:00  INFO 17452 --- [Lavalink] [XNIO-1 task-2] o.s.web.servlet.DispatcherServlet        : Initializing Servlet 'dispatcherServlet'
2026-07-10T00:23:22.332-05:00  INFO 17452 --- [Lavalink] [XNIO-1 task-2] o.s.web.servlet.DispatcherServlet        : Completed initialization in 1 ms
2026-07-10T00:23:22.350-05:00  INFO 17452 --- [Lavalink] [XNIO-1 task-2] l.server.io.HandshakeInterceptorImpl     : Incoming connection from /127.0.0.1:64348
2026-07-10T00:23:22.362-05:00  INFO 17452 --- [Lavalink] [XNIO-1 task-2] l.server.io.RequestLoggingFilter         : GET /v4/websocket
2026-07-10T00:23:22.407-05:00  INFO 17452 --- [Lavalink] [XNIO-1 task-2] lavalink.server.io.SocketServer          : Connection successfully established from Wavelink/3.4.1
2026-07-10T00:23:22.528-05:00  INFO 17452 --- [Lavalink] [XNIO-1 task-3] l.server.io.RequestLoggingFilter         : PATCH /v4/sessions/k24wqhe6jtbvvqhh, payload={"resuming": true, "timeout": 60}
2026-07-10T00:23:22.545-05:00  INFO 17452 --- [Lavalink] [XNIO-1 task-3] l.server.io.RequestLoggingFilter         : GET /v4/info
2026-07-10T00:23:22.606-05:00  INFO 17452 --- [Lavalink] [main] o.s.cloud.commons.util.InetUtils         : Cannot determine local hostname
2026-07-10T00:23:23.680-05:00  INFO 17452 --- [Lavalink] [main] o.s.cloud.commons.util.InetUtils         : Cannot determine local hostname
2026-07-10T00:23:23.684-05:00  INFO 17452 --- [Lavalink] [main] lavalink.server.Launcher                 : Started Launcher in 8.806 seconds (process running for 12.96)
2026-07-10T00:23:23.685-05:00  INFO 17452 --- [Lavalink] [main] lavalink.server.Launcher                 : Lavalink is ready to accept connections.
2026-07-10T00:24:25.165-05:00  INFO 17452 --- [Lavalink] [XNIO-1 task-3] l.server.io.RequestLoggingFilter         : PATCH /v4/sessions/k24wqhe6jtbvvqhh/players/1142916929141624932?noReplace=True, payload={"voice": {"sessionId": "8c23419142f15dae4fc104d68e160e63", "token": "64a48b3894e22a29", "endpoint": "c-ewr01-cad0215d.discord.media:443"}}
2026-07-10T00:24:25.173-05:00  INFO 17452 --- [Lavalink] [XNIO-1 task-3] l.server.player.AudioLoaderRestHandler   : Got request to load for identifier "https://soundcloud.com/vals-10/wow-nightsong"
2026-07-10T00:24:25.175-05:00  INFO 17452 --- [Lavalink] [XNIO-1 task-3] c.s.d.l.s.s.SoundCloudClientIdTracker    : Updating SoundCloud client ID (current is null).
2026-07-10T00:24:25.903-05:00  INFO 17452 --- [Lavalink] [XNIO-1 task-3] c.s.d.l.s.s.SoundCloudClientIdTracker    : Updating SoundCloud client ID succeeded, new ID is lmRjTI0FqeXygHMXc3hRzS7hth20PNk5.
2026-07-10T00:24:29.544-05:00  INFO 17452 --- [Lavalink] [XNIO-1 task-3] l.server.player.AudioLoaderRestHandler   : Loaded track Wow Nightsong
2026-07-10T00:24:29.551-05:00  INFO 17452 --- [Lavalink] [XNIO-1 task-3] l.server.io.RequestLoggingFilter         : GET /v4/loadtracks?identifier=https://soundcloud.com/vals-10/wow-nightsong
2026-07-10T00:24:29.563-05:00  INFO 17452 --- [Lavalink] [XNIO-1 task-3] l.server.io.RequestLoggingFilter         : PATCH /v4/sessions/k24wqhe6jtbvvqhh/players/1142916929141624932?noReplace=False, payload={"track": {"encoded": "QAABDgMADVdvdyBOaWdodHNvbmcABFZhbHMAAAAAAAbxnQBxVTpodHRwczovL2FwaS12Mi5zb3VuZGNsb3VkLmNvbS9tZWRpYS9zb3VuZGNsb3VkOnRyYWNrczoyMTYyNzEwNzAvNGQ4NzE2ZTMtZTVjOS00YTI4LTk0OGEtMTIwMWI5N2MwYWE3L3N0cmVhbS9obHMAAQAsaHR0cHM6Ly9zb3VuZGNsb3VkLmNvbS92YWxzLTEwL3dvdy1uaWdodHNvbmcBADVodHRwczovL2ExLnNuZGNkbi5jb20vaW1hZ2VzL2RlZmF1bHRfYXZhdGFyX2xhcmdlLnBuZwAACnNvdW5kY2xvdWQAAAAAAAAAAA==", "userData": {}}, "volume": 100, "position": 0, "endTime": null, "paused": false, "filters": {"equalizer": [{"band": 0, "gain": 0.0}, {"band": 1, "gain": 0.0}, {"band": 2, "gain": 0.0}, {"band": 3, "gain": 0.0}, {"band": 4, "gain": 0.0}, {"band": 5, "gain": 0.0}, {"band": 6, "gain": 0.0}, {"band": 7, "gain": 0.0}, {"band": 8, "gain": 0.0}, {"band": 9, "gain": 0.0}, {"band": 10, "gain": 0.0}, {"band": 11, "gain": 0.0}, {"band": 12, "gain": 0.0}, {"band": 13, "gain": 0.0}, {"band": 14, "gain": 0.0}]}}
2026-07-10T00:24:29.565-05:00  INFO 17452 --- [Lavalink] [XNIO-1 task-3] l.server.io.RequestLoggingFilter         : PATCH /v4/sessions/k24wqhe6jtbvvqhh/players/1142916929141624932?noReplace=True, payload={"volume": 30}
2026-07-10T00:24:30.297-05:00 ERROR 17452 --- [Lavalink] [lava-daemon-pool-playback-1-thread-1] c.s.d.l.t.p.LocalAudioTrackExecutor      : Error in playback of U:https://api-v2.soundcloud.com/media/soundcloud:tracks:216271070/4d8716e3-e5c9-4a28-948a-1201b97c0aa7/stream/hls

com.sedmelluq.discord.lavaplayer.tools.FriendlyException: Something broke when playing the track.
	at com.sedmelluq.discord.lavaplayer.tools.ExceptionTools.wrapUnfriendlyExceptions(ExceptionTools.java:45) ~[lavaplayer-2.2.3.jar!/:na]
	at com.sedmelluq.discord.lavaplayer.track.playback.LocalAudioTrackExecutor.execute(LocalAudioTrackExecutor.java:121) ~[lavaplayer-2.2.3.jar!/:na]
	at com.sedmelluq.discord.lavaplayer.player.DefaultAudioPlayerManager.lambda$executeTrack$2(DefaultAudioPlayerManager.java:339) ~[lavaplayer-2.2.3.jar!/:na]
	at java.base/java.util.concurrent.ThreadPoolExecutor.runWorker(ThreadPoolExecutor.java:1136) ~[na:na]
	at java.base/java.util.concurrent.ThreadPoolExecutor$Worker.run(ThreadPoolExecutor.java:635) ~[na:na]
	at java.base/java.lang.Thread.run(Thread.java:840) ~[na:na]
Caused by: java.io.IOException: Invalid status code for soundcloud stream: 404
	at com.sedmelluq.discord.lavaplayer.source.soundcloud.SoundCloudHelper.loadPlaybackUrl(SoundCloudHelper.java:35) ~[lavaplayer-2.2.3.jar!/:na]
	at com.sedmelluq.discord.lavaplayer.source.soundcloud.SoundCloudM3uAudioTrack.loadSegments(SoundCloudM3uAudioTrack.java:51) ~[lavaplayer-2.2.3.jar!/:na]
	at com.sedmelluq.discord.lavaplayer.source.soundcloud.SoundCloudM3uAudioTrack.createSegmentTracker(SoundCloudM3uAudioTrack.java:56) ~[lavaplayer-2.2.3.jar!/:na]
	at com.sedmelluq.discord.lavaplayer.source.soundcloud.SoundCloudM3uAudioTrack.process(SoundCloudM3uAudioTrack.java:39) ~[lavaplayer-2.2.3.jar!/:na]
	at com.sedmelluq.discord.lavaplayer.track.DelegatedAudioTrack.processDelegate(DelegatedAudioTrack.java:25) ~[lavaplayer-2.2.3.jar!/:na]
	at com.sedmelluq.discord.lavaplayer.source.soundcloud.SoundCloudAudioTrack.playFromIdentifier(SoundCloudAudioTrack.java:52) ~[lavaplayer-2.2.3.jar!/:na]
	at com.sedmelluq.discord.lavaplayer.source.soundcloud.SoundCloudAudioTrack.process(SoundCloudAudioTrack.java:39) ~[lavaplayer-2.2.3.jar!/:na]
	at com.sedmelluq.discord.lavaplayer.track.playback.LocalAudioTrackExecutor.execute(LocalAudioTrackExecutor.java:109) ~[lavaplayer-2.2.3.jar!/:na]
	... 4 common frames omitted

2026-07-10T00:24:49.099-05:00  INFO 17452 --- [Lavalink] [XNIO-1 I/O-11] lavalink.server.io.SocketServer          : Connection closed from /127.0.0.1:64348 with status CloseStatus[code=1006, reason=] -- Session can be resumed within the next 60 seconds with id k24wqhe6jtbvvqhh
2026-07-10T00:25:07.676-05:00  INFO 17452 --- [Lavalink] [XNIO-1 task-3] l.server.io.RequestLoggingFilter         : DELETE /v4/sessions/k24wqhe6jtbvvqhh/players/1142916929141624932
2026-07-10T00:25:14.458-05:00  INFO 17452 --- [Lavalink] [XNIO-1 task-3] l.server.io.RequestLoggingFilter         : PATCH /v4/sessions/k24wqhe6jtbvvqhh/players/1142916929141624932?noReplace=True, payload={"voice": {"sessionId": "8c23419142f15dae4fc104d68e160e63", "token": "74b784fa001e0c55", "endpoint": "c-ewr01-cad0215d.discord.media:443"}}
2026-07-10T00:25:14.461-05:00  INFO 17452 --- [Lavalink] [XNIO-1 task-3] l.server.io.RequestLoggingFilter         : DELETE /v4/sessions/k24wqhe6jtbvvqhh/players/1142916929141624932
2026-07-10T00:25:49.102-05:00  INFO 17452 --- [Lavalink] [pool-3-thread-1] lavalink.server.io.SocketContext         : Shutting down 0 playing players.
2026-07-10T00:26:45.194-05:00  INFO 17452 --- [Lavalink] [XNIO-1 task-3] l.server.io.RequestLoggingFilter         : PATCH /v4/sessions/k24wqhe6jtbvvqhh/players/1142916929141624932?noReplace=True, payload={"voice": {"sessionId": "8c23419142f15dae4fc104d68e160e63", "token": "1a9ff63fb886bf0a", "endpoint": "c-ewr01-cad0215d.discord.media:443"}}
2026-07-10T00:26:45.196-05:00  INFO 17452 --- [Lavalink] [XNIO-1 task-3] l.server.io.RequestLoggingFilter         : DELETE /v4/sessions/k24wqhe6jtbvvqhh/players/1142916929141624932
2026-07-10T00:36:41.419-05:00  INFO 17804 --- [Lavalink] [main] lavalink.server.Launcher                 : Starting Launcher v4.1.1 using Java 17.0.17 with PID 17804 (D:\Projects\The Oracle\ai-dm-sicord-bot\Lavalink.jar started by holypolarpanda77 in D:\Projects\The Oracle\ai-dm-sicord-bot)
2026-07-10T00:36:41.422-05:00  INFO 17804 --- [Lavalink] [main] lavalink.server.Launcher                 : No active profile set, falling back to 1 default profile: "default"
2026-07-10T00:36:41.898-05:00  INFO 17804 --- [Lavalink] [main] o.s.cloud.context.scope.GenericScope     : BeanFactory id=3d6bf653-92ea-3fde-943a-10b9f8cd696e
2026-07-10T00:36:43.391-05:00  INFO 17804 --- [Lavalink] [main] o.s.cloud.commons.util.InetUtils         : Cannot determine local hostname
2026-07-10T00:36:43.435-05:00  INFO 17804 --- [Lavalink] [main] lavalink.server.Launcher                 : Started Launcher in 3.569 seconds (process running for 4.068)
2026-07-10T00:36:44.565-05:00  INFO 17804 --- [Lavalink] [main] lavalink.server.Launcher                 : 

[32m       .  [31m _                  _ _       _    [32m__ _ _
[32m      /\\ [31m| | __ ___   ____ _| (_)_ __ | | __[32m\ \ \ \
[32m     ( ( )[31m| |/ _` \ \ / / _` | | | '_ \| |/ /[32m \ \ \ \
[32m      \\/ [31m| | (_| |\ V / (_| | | | | | |   < [32m  ) ) ) )
[32m       '  [31m|_|\__,_| \_/ \__,_|_|_|_| |_|_|\_\[32m / / / /
[0m    =========================================[32m/_/_/_/[0m

	Version:        4.1.1
	Build time:     05.06.2025 07:37:42 UTC
	Branch          HEAD
	Commit:         4238202
	Commit time:    05.06.2025 07:11:37 UTC
	JVM:            17.0.17
	Lavaplayer      2.2.3

2026-07-10T00:36:44.576-05:00  INFO 17804 --- [Lavalink] [main] lavalink.server.Launcher                 : No active profile set, falling back to 1 default profile: "default"
2026-07-10T00:36:45.147-05:00  WARN 17804 --- [Lavalink] [main] io.undertow.websockets.jsr               : UT026010: Buffer pool was not set on WebSocketDeploymentInfo, the default pool will be used
2026-07-10T00:36:45.167-05:00  INFO 17804 --- [Lavalink] [main] io.undertow.servlet                      : Initializing Spring embedded WebApplicationContext
2026-07-10T00:36:45.168-05:00  INFO 17804 --- [Lavalink] [main] w.s.c.ServletWebServerApplicationContext : Root WebApplicationContext: initialization completed in 588 ms
2026-07-10T00:36:45.267-05:00  INFO 17804 --- [Lavalink] [main] c.s.d.l.tools.GarbageCollectionMonitor   : GC monitoring enabled, reporting results every 2 minutes.
2026-07-10T00:36:45.385-05:00  WARN 17804 --- [Lavalink] [main] l.s.config.AudioPlayerConfiguration      : The default Youtube source is now deprecated and won't receive further updates.
You should use the new Youtube source plugin instead.
https://github.com/lavalink-devs/youtube-source#plugin.
To disable this warning, set 'lavalink.server.sources.youtube' to false in your application.yml.
2026-07-10T00:36:45.929-05:00  INFO 17804 --- [Lavalink] [main] l.server.config.KoeConfiguration         : OS: WINDOWS, Arch: X86_64
2026-07-10T00:36:45.930-05:00  INFO 17804 --- [Lavalink] [main] l.server.config.KoeConfiguration         : Enabling JDA-NAS
2026-07-10T00:36:45.932-05:00  INFO 17804 --- [Lavalink] [main] c.s.l.c.natives.NativeLibraryLoader      : Native library udpqueue: loading with filter null
2026-07-10T00:36:45.938-05:00  INFO 17804 --- [Lavalink] [main] c.s.l.c.natives.NativeLibraryLoader      : Native library udpqueue: successfully loaded.
2026-07-10T00:36:45.969-05:00  WARN 17804 --- [Lavalink] [main] l.server.config.SentryConfiguration      : Turning off sentry
2026-07-10T00:36:46.267-05:00  INFO 17804 --- [Lavalink] [main] io.undertow                              : starting server: Undertow - 2.3.13.Final
2026-07-10T00:36:46.279-05:00  INFO 17804 --- [Lavalink] [main] org.xnio                                 : XNIO version 3.8.8.Final
2026-07-10T00:36:46.286-05:00  INFO 17804 --- [Lavalink] [main] org.xnio.nio                             : XNIO NIO Implementation Version 3.8.8.Final
2026-07-10T00:36:46.357-05:00  INFO 17804 --- [Lavalink] [main] org.jboss.threads                        : JBoss Threads version 3.5.0.Final
2026-07-10T00:36:46.399-05:00  INFO 17804 --- [Lavalink] [main] o.s.b.w.e.undertow.UndertowWebServer     : Undertow started on port 2333 (http) with context path '/'
2026-07-10T00:36:47.468-05:00  INFO 17804 --- [Lavalink] [main] o.s.cloud.commons.util.InetUtils         : Cannot determine local hostname
2026-07-10T00:36:47.480-05:00  INFO 17804 --- [Lavalink] [XNIO-1 task-2] io.undertow.servlet                      : Initializing Spring DispatcherServlet 'dispatcherServlet'
2026-07-10T00:36:47.481-05:00  INFO 17804 --- [Lavalink] [XNIO-1 task-2] o.s.web.servlet.DispatcherServlet        : Initializing Servlet 'dispatcherServlet'
2026-07-10T00:36:47.482-05:00  INFO 17804 --- [Lavalink] [XNIO-1 task-2] o.s.web.servlet.DispatcherServlet        : Completed initialization in 1 ms
2026-07-10T00:36:47.503-05:00  INFO 17804 --- [Lavalink] [XNIO-1 task-2] l.server.io.HandshakeInterceptorImpl     : Incoming connection from /127.0.0.1:62815
2026-07-10T00:36:47.517-05:00  INFO 17804 --- [Lavalink] [XNIO-1 task-2] l.server.io.RequestLoggingFilter         : GET /v4/websocket
2026-07-10T00:36:47.572-05:00  INFO 17804 --- [Lavalink] [XNIO-1 task-2] lavalink.server.io.SocketServer          : Connection successfully established from Wavelink/3.4.1
2026-07-10T00:36:47.701-05:00  INFO 17804 --- [Lavalink] [XNIO-1 task-3] l.server.io.RequestLoggingFilter         : PATCH /v4/sessions/f481822yanyuxsb6, payload={"resuming": true, "timeout": 60}
2026-07-10T00:36:47.715-05:00  INFO 17804 --- [Lavalink] [XNIO-1 task-3] l.server.io.RequestLoggingFilter         : GET /v4/info
2026-07-10T00:36:48.559-05:00  INFO 17804 --- [Lavalink] [main] o.s.cloud.commons.util.InetUtils         : Cannot determine local hostname
2026-07-10T00:36:48.564-05:00  INFO 17804 --- [Lavalink] [main] lavalink.server.Launcher                 : Started Launcher in 5.123 seconds (process running for 9.196)
2026-07-10T00:36:48.565-05:00  INFO 17804 --- [Lavalink] [main] lavalink.server.Launcher                 : Lavalink is ready to accept connections.
2026-07-10T00:39:35.977-05:00  INFO 17804 --- [Lavalink] [XNIO-1 task-3] l.server.io.RequestLoggingFilter         : PATCH /v4/sessions/f481822yanyuxsb6/players/1142916929141624932?noReplace=True, payload={"voice": {"sessionId": "253d051592b87b7a1a56d1ac883fbe4a", "token": "f29a01bb67f40f41", "endpoint": "c-ewr13-34674bc5.discord.media:2096"}}
2026-07-10T00:39:35.980-05:00  INFO 17804 --- [Lavalink] [XNIO-1 task-3] l.server.io.RequestLoggingFilter         : PATCH /v4/sessions/f481822yanyuxsb6/players/1142916929141624932?noReplace=True, payload={"volume": 30}
2026-07-10T00:39:35.987-05:00  INFO 17804 --- [Lavalink] [XNIO-1 task-3] l.server.player.AudioLoaderRestHandler   : Got request to load for identifier "https://soundcloud.com/vals-10/wow-nightsong"
2026-07-10T00:39:35.989-05:00  INFO 17804 --- [Lavalink] [XNIO-1 task-3] c.s.d.l.s.s.SoundCloudClientIdTracker    : Updating SoundCloud client ID (current is null).
2026-07-10T00:39:36.668-05:00  INFO 17804 --- [Lavalink] [XNIO-1 task-3] c.s.d.l.s.s.SoundCloudClientIdTracker    : Updating SoundCloud client ID succeeded, new ID is lmRjTI0FqeXygHMXc3hRzS7hth20PNk5.
2026-07-10T00:39:37.181-05:00  INFO 17804 --- [Lavalink] [XNIO-1 task-3] l.server.player.AudioLoaderRestHandler   : Loaded track Wow Nightsong
2026-07-10T00:39:37.190-05:00  INFO 17804 --- [Lavalink] [XNIO-1 task-3] l.server.io.RequestLoggingFilter         : GET /v4/loadtracks?identifier=https://soundcloud.com/vals-10/wow-nightsong
2026-07-10T00:39:37.199-05:00  INFO 17804 --- [Lavalink] [XNIO-1 task-3] l.server.io.RequestLoggingFilter         : PATCH /v4/sessions/f481822yanyuxsb6/players/1142916929141624932?noReplace=False, payload={"track": {"encoded": "QAABDgMADVdvdyBOaWdodHNvbmcABFZhbHMAAAAAAAbxnQBxVTpodHRwczovL2FwaS12Mi5zb3VuZGNsb3VkLmNvbS9tZWRpYS9zb3VuZGNsb3VkOnRyYWNrczoyMTYyNzEwNzAvNGQ4NzE2ZTMtZTVjOS00YTI4LTk0OGEtMTIwMWI5N2MwYWE3L3N0cmVhbS9obHMAAQAsaHR0cHM6Ly9zb3VuZGNsb3VkLmNvbS92YWxzLTEwL3dvdy1uaWdodHNvbmcBADVodHRwczovL2ExLnNuZGNkbi5jb20vaW1hZ2VzL2RlZmF1bHRfYXZhdGFyX2xhcmdlLnBuZwAACnNvdW5kY2xvdWQAAAAAAAAAAA==", "userData": {}}, "volume": 30, "position": 0, "endTime": null, "paused": false, "filters": {"equalizer": [{"band": 0, "gain": 0.0}, {"band": 1, "gain": 0.0}, {"band": 2, "gain": 0.0}, {"band": 3, "gain": 0.0}, {"band": 4, "gain": 0.0}, {"band": 5, "gain": 0.0}, {"band": 6, "gain": 0.0}, {"band": 7, "gain": 0.0}, {"band": 8, "gain": 0.0}, {"band": 9, "gain": 0.0}, {"band": 10, "gain": 0.0}, {"band": 11, "gain": 0.0}, {"band": 12, "gain": 0.0}, {"band": 13, "gain": 0.0}, {"band": 14, "gain": 0.0}]}}
2026-07-10T00:39:37.968-05:00 ERROR 17804 --- [Lavalink] [lava-daemon-pool-playback-1-thread-1] c.s.d.l.t.p.LocalAudioTrackExecutor      : Error in playback of U:https://api-v2.soundcloud.com/media/soundcloud:tracks:216271070/4d8716e3-e5c9-4a28-948a-1201b97c0aa7/stream/hls

com.sedmelluq.discord.lavaplayer.tools.FriendlyException: Something broke when playing the track.
	at com.sedmelluq.discord.lavaplayer.tools.ExceptionTools.wrapUnfriendlyExceptions(ExceptionTools.java:45) ~[lavaplayer-2.2.3.jar!/:na]
	at com.sedmelluq.discord.lavaplayer.track.playback.LocalAudioTrackExecutor.execute(LocalAudioTrackExecutor.java:121) ~[lavaplayer-2.2.3.jar!/:na]
	at com.sedmelluq.discord.lavaplayer.player.DefaultAudioPlayerManager.lambda$executeTrack$2(DefaultAudioPlayerManager.java:339) ~[lavaplayer-2.2.3.jar!/:na]
	at java.base/java.util.concurrent.ThreadPoolExecutor.runWorker(ThreadPoolExecutor.java:1136) ~[na:na]
	at java.base/java.util.concurrent.ThreadPoolExecutor$Worker.run(ThreadPoolExecutor.java:635) ~[na:na]
	at java.base/java.lang.Thread.run(Thread.java:840) ~[na:na]
Caused by: java.io.IOException: Invalid status code for soundcloud stream: 404
	at com.sedmelluq.discord.lavaplayer.source.soundcloud.SoundCloudHelper.loadPlaybackUrl(SoundCloudHelper.java:35) ~[lavaplayer-2.2.3.jar!/:na]
	at com.sedmelluq.discord.lavaplayer.source.soundcloud.SoundCloudM3uAudioTrack.loadSegments(SoundCloudM3uAudioTrack.java:51) ~[lavaplayer-2.2.3.jar!/:na]
	at com.sedmelluq.discord.lavaplayer.source.soundcloud.SoundCloudM3uAudioTrack.createSegmentTracker(SoundCloudM3uAudioTrack.java:56) ~[lavaplayer-2.2.3.jar!/:na]
	at com.sedmelluq.discord.lavaplayer.source.soundcloud.SoundCloudM3uAudioTrack.process(SoundCloudM3uAudioTrack.java:39) ~[lavaplayer-2.2.3.jar!/:na]
	at com.sedmelluq.discord.lavaplayer.track.DelegatedAudioTrack.processDelegate(DelegatedAudioTrack.java:25) ~[lavaplayer-2.2.3.jar!/:na]
	at com.sedmelluq.discord.lavaplayer.source.soundcloud.SoundCloudAudioTrack.playFromIdentifier(SoundCloudAudioTrack.java:52) ~[lavaplayer-2.2.3.jar!/:na]
	at com.sedmelluq.discord.lavaplayer.source.soundcloud.SoundCloudAudioTrack.process(SoundCloudAudioTrack.java:39) ~[lavaplayer-2.2.3.jar!/:na]
	at com.sedmelluq.discord.lavaplayer.track.playback.LocalAudioTrackExecutor.execute(LocalAudioTrackExecutor.java:109) ~[lavaplayer-2.2.3.jar!/:na]
	... 4 common frames omitted

2026-07-10T00:39:59.099-05:00  INFO 17804 --- [Lavalink] [XNIO-1 I/O-13] lavalink.server.io.SocketServer          : Connection closed from /127.0.0.1:62815 with status CloseStatus[code=1006, reason=] -- Session can be resumed within the next 60 seconds with id f481822yanyuxsb6
2026-07-10T00:40:59.109-05:00  INFO 17804 --- [Lavalink] [pool-3-thread-1] lavalink.server.io.SocketContext         : Shutting down 0 playing players.
