2026-07-10T00:36:41.419-05:00  INFO 17804 --- [Lavalink] [           main] lavalink.server.Launcher                 : Starting Launcher v4.1.1 using Java 17.0.17 with PID 17804 (D:\Projects\The Oracle\ai-dm-sicord-bot\Lavalink.jar started by holypolarpanda77 in D:\Projects\The Oracle\ai-dm-sicord-bot)
2026-07-10T00:36:41.422-05:00  INFO 17804 --- [Lavalink] [           main] lavalink.server.Launcher                 : No active profile set, falling back to 1 default profile: "default"
2026-07-10T00:36:41.898-05:00  INFO 17804 --- [Lavalink] [           main] o.s.cloud.context.scope.GenericScope     : BeanFactory id=3d6bf653-92ea-3fde-943a-10b9f8cd696e
2026-07-10T00:36:43.391-05:00  INFO 17804 --- [Lavalink] [           main] o.s.cloud.commons.util.InetUtils         : Cannot determine local hostname
2026-07-10T00:36:43.435-05:00  INFO 17804 --- [Lavalink] [           main] lavalink.server.Launcher                 : Started Launcher in 3.569 seconds (process running for 4.068)
2026-07-10T00:36:44.565-05:00  INFO 17804 --- [Lavalink] [           main] lavalink.server.Launcher                 : 

[32m       .  [31m _                  _ _       _    [32m__ _ _
[32m      /\\ [31m| | __ ___   ____ _| (_)_ __ | | __[32m\ \ \ \
[32m     ( ( )[31m| |/ _` \ \ / / _` | | | '_ \| |/ /[32m \ \ \ \
[32m      \\/ [31m| | (_| |\ V / (_| | | | | | |   < [32m  ) ) ) )
[32m       '  [31m|_|\__,_| \_/ \__,_|_|_|_| |_|_|\_\[32m / / / /
[0m    =========================================[32m/_/_/_/[0m

	Version:        4.1.1
	Build time:     05.06.2025 07:37:42 UTC
	Branch          HEAD
	Commit:         4238202
	Commit time:    05.06.2025 07:11:37 UTC
	JVM:            17.0.17
	Lavaplayer      2.2.3

2026-07-10T00:36:44.576-05:00  INFO 17804 --- [Lavalink] [           main] lavalink.server.Launcher                 : No active profile set, falling back to 1 default profile: "default"
2026-07-10T00:36:45.147-05:00  WARN 17804 --- [Lavalink] [           main] io.undertow.websockets.jsr               : UT026010: Buffer pool was not set on WebSocketDeploymentInfo, the default pool will be used
2026-07-10T00:36:45.167-05:00  INFO 17804 --- [Lavalink] [           main] io.undertow.servlet                      : Initializing Spring embedded WebApplicationContext
2026-07-10T00:36:45.168-05:00  INFO 17804 --- [Lavalink] [           main] w.s.c.ServletWebServerApplicationContext : Root WebApplicationContext: initialization completed in 588 ms
2026-07-10T00:36:45.267-05:00  INFO 17804 --- [Lavalink] [           main] c.s.d.l.tools.GarbageCollectionMonitor   : GC monitoring enabled, reporting results every 2 minutes.
2026-07-10T00:36:45.385-05:00  WARN 17804 --- [Lavalink] [           main] l.s.config.AudioPlayerConfiguration      : The default Youtube source is now deprecated and won't receive further updates.
You should use the new Youtube source plugin instead.
https://github.com/lavalink-devs/youtube-source#plugin.
To disable this warning, set 'lavalink.server.sources.youtube' to false in your application.yml.
2026-07-10T00:36:45.929-05:00  INFO 17804 --- [Lavalink] [           main] l.server.config.KoeConfiguration         : OS: WINDOWS, Arch: X86_64
2026-07-10T00:36:45.930-05:00  INFO 17804 --- [Lavalink] [           main] l.server.config.KoeConfiguration         : Enabling JDA-NAS
2026-07-10T00:36:45.932-05:00  INFO 17804 --- [Lavalink] [           main] c.s.l.c.natives.NativeLibraryLoader      : Native library udpqueue: loading with filter null
2026-07-10T00:36:45.938-05:00  INFO 17804 --- [Lavalink] [           main] c.s.l.c.natives.NativeLibraryLoader      : Native library udpqueue: successfully loaded.
2026-07-10T00:36:45.969-05:00  WARN 17804 --- [Lavalink] [           main] l.server.config.SentryConfiguration      : Turning off sentry
2026-07-10T00:36:46.267-05:00  INFO 17804 --- [Lavalink] [           main] io.undertow                              : starting server: Undertow - 2.3.13.Final
2026-07-10T00:36:46.279-05:00  INFO 17804 --- [Lavalink] [           main] org.xnio                                 : XNIO version 3.8.8.Final
2026-07-10T00:36:46.286-05:00  INFO 17804 --- [Lavalink] [           main] org.xnio.nio                             : XNIO NIO Implementation Version 3.8.8.Final
2026-07-10T00:36:46.357-05:00  INFO 17804 --- [Lavalink] [           main] org.jboss.threads                        : JBoss Threads version 3.5.0.Final
2026-07-10T00:36:46.399-05:00  INFO 17804 --- [Lavalink] [           main] o.s.b.w.e.undertow.UndertowWebServer     : Undertow started on port 2333 (http) with context path '/'
2026-07-10T00:36:47.468-05:00  INFO 17804 --- [Lavalink] [           main] o.s.cloud.commons.util.InetUtils         : Cannot determine local hostname
2026-07-10T00:36:47.480-05:00  INFO 17804 --- [Lavalink] [  XNIO-1 task-2] io.undertow.servlet                      : Initializing Spring DispatcherServlet 'dispatcherServlet'
2026-07-10T00:36:47.481-05:00  INFO 17804 --- [Lavalink] [  XNIO-1 task-2] o.s.web.servlet.DispatcherServlet        : Initializing Servlet 'dispatcherServlet'
2026-07-10T00:36:47.482-05:00  INFO 17804 --- [Lavalink] [  XNIO-1 task-2] o.s.web.servlet.DispatcherServlet        : Completed initialization in 1 ms
2026-07-10T00:36:47.503-05:00  INFO 17804 --- [Lavalink] [  XNIO-1 task-2] l.server.io.HandshakeInterceptorImpl     : Incoming connection from /127.0.0.1:62815
2026-07-10T00:36:47.517-05:00  INFO 17804 --- [Lavalink] [  XNIO-1 task-2] l.server.io.RequestLoggingFilter         : GET /v4/websocket
2026-07-10T00:36:47.572-05:00  INFO 17804 --- [Lavalink] [  XNIO-1 task-2] lavalink.server.io.SocketServer          : Connection successfully established from Wavelink/3.4.1
2026-07-10T00:36:47.701-05:00  INFO 17804 --- [Lavalink] [  XNIO-1 task-3] l.server.io.RequestLoggingFilter         : PATCH /v4/sessions/f481822yanyuxsb6, payload={"resuming": true, "timeout": 60}
2026-07-10T00:36:47.715-05:00  INFO 17804 --- [Lavalink] [  XNIO-1 task-3] l.server.io.RequestLoggingFilter         : GET /v4/info
2026-07-10T00:36:48.559-05:00  INFO 17804 --- [Lavalink] [           main] o.s.cloud.commons.util.InetUtils         : Cannot determine local hostname
2026-07-10T00:36:48.564-05:00  INFO 17804 --- [Lavalink] [           main] lavalink.server.Launcher                 : Started Launcher in 5.123 seconds (process running for 9.196)
2026-07-10T00:36:48.565-05:00  INFO 17804 --- [Lavalink] [           main] lavalink.server.Launcher                 : Lavalink is ready to accept connections.
2026-07-10T00:39:35.977-05:00  INFO 17804 --- [Lavalink] [  XNIO-1 task-3] l.server.io.RequestLoggingFilter         : PATCH /v4/sessions/f481822yanyuxsb6/players/1142916929141624932?noReplace=True, payload={"voice": {"sessionId": "253d051592b87b7a1a56d1ac883fbe4a", "token": "f29a01bb67f40f41", "endpoint": "c-ewr13-34674bc5.discord.media:2096"}}
2026-07-10T00:39:35.980-05:00  INFO 17804 --- [Lavalink] [  XNIO-1 task-3] l.server.io.RequestLoggingFilter         : PATCH /v4/sessions/f481822yanyuxsb6/players/1142916929141624932?noReplace=True, payload={"volume": 30}
2026-07-10T00:39:35.987-05:00  INFO 17804 --- [Lavalink] [  XNIO-1 task-3] l.server.player.AudioLoaderRestHandler   : Got request to load for identifier "https://soundcloud.com/vals-10/wow-nightsong"
2026-07-10T00:39:35.989-05:00  INFO 17804 --- [Lavalink] [  XNIO-1 task-3] c.s.d.l.s.s.SoundCloudClientIdTracker    : Updating SoundCloud client ID (current is null).
2026-07-10T00:39:36.668-05:00  INFO 17804 --- [Lavalink] [  XNIO-1 task-3] c.s.d.l.s.s.SoundCloudClientIdTracker    : Updating SoundCloud client ID succeeded, new ID is lmRjTI0FqeXygHMXc3hRzS7hth20PNk5.
2026-07-10T00:39:37.181-05:00  INFO 17804 --- [Lavalink] [  XNIO-1 task-3] l.server.player.AudioLoaderRestHandler   : Loaded track Wow Nightsong
2026-07-10T00:39:37.190-05:00  INFO 17804 --- [Lavalink] [  XNIO-1 task-3] l.server.io.RequestLoggingFilter         : GET /v4/loadtracks?identifier=https://soundcloud.com/vals-10/wow-nightsong
2026-07-10T00:39:37.199-05:00  INFO 17804 --- [Lavalink] [  XNIO-1 task-3] l.server.io.RequestLoggingFilter         : PATCH /v4/sessions/f481822yanyuxsb6/players/1142916929141624932?noReplace=False, payload={"track": {"encoded": "QAABDgMADVdvdyBOaWdodHNvbmcABFZhbHMAAAAAAAbxnQBxVTpodHRwczovL2FwaS12Mi5zb3VuZGNsb3VkLmNvbS9tZWRpYS9zb3VuZGNsb3VkOnRyYWNrczoyMTYyNzEwNzAvNGQ4NzE2ZTMtZTVjOS00YTI4LTk0OGEtMTIwMWI5N2MwYWE3L3N0cmVhbS9obHMAAQAsaHR0cHM6Ly9zb3VuZGNsb3VkLmNvbS92YWxzLTEwL3dvdy1uaWdodHNvbmcBADVodHRwczovL2ExLnNuZGNkbi5jb20vaW1hZ2VzL2RlZmF1bHRfYXZhdGFyX2xhcmdlLnBuZwAACnNvdW5kY2xvdWQAAAAAAAAAAA==", "userData": {}}, "volume": 30, "position": 0, "endTime": null, "paused": false, "filters": {"equalizer": [{"band": 0, "gain": 0.0}, {"band": 1, "gain": 0.0}, {"band": 2, "gain": 0.0}, {"band": 3, "gain": 0.0}, {"band": 4, "gain": 0.0}, {"band": 5, "gain": 0.0}, {"band": 6, "gain": 0.0}, {"band": 7, "gain": 0.0}, {"band": 8, "gain": 0.0}, {"band": 9, "gain": 0.0}, {"band": 10, "gain": 0.0}, {"band": 11, "gain": 0.0}, {"band": 12, "gain": 0.0}, {"band": 13, "gain": 0.0}, {"band": 14, "gain": 0.0}]}}
2026-07-10T00:39:37.968-05:00 ERROR 17804 --- [Lavalink] [back-1-thread-1] c.s.d.l.t.p.LocalAudioTrackExecutor      : Error in playback of U:https://api-v2.soundcloud.com/media/soundcloud:tracks:216271070/4d8716e3-e5c9-4a28-948a-1201b97c0aa7/stream/hls

com.sedmelluq.discord.lavaplayer.tools.FriendlyException: Something broke when playing the track.
	at com.sedmelluq.discord.lavaplayer.tools.ExceptionTools.wrapUnfriendlyExceptions(ExceptionTools.java:45) ~[lavaplayer-2.2.3.jar!/:na]
	at com.sedmelluq.discord.lavaplayer.track.playback.LocalAudioTrackExecutor.execute(LocalAudioTrackExecutor.java:121) ~[lavaplayer-2.2.3.jar!/:na]
	at com.sedmelluq.discord.lavaplayer.player.DefaultAudioPlayerManager.lambda$executeTrack$2(DefaultAudioPlayerManager.java:339) ~[lavaplayer-2.2.3.jar!/:na]
	at java.base/java.util.concurrent.ThreadPoolExecutor.runWorker(ThreadPoolExecutor.java:1136) ~[na:na]
	at java.base/java.util.concurrent.ThreadPoolExecutor$Worker.run(ThreadPoolExecutor.java:635) ~[na:na]
	at java.base/java.lang.Thread.run(Thread.java:840) ~[na:na]
Caused by: java.io.IOException: Invalid status code for soundcloud stream: 404
	at com.sedmelluq.discord.lavaplayer.source.soundcloud.SoundCloudHelper.loadPlaybackUrl(SoundCloudHelper.java:35) ~[lavaplayer-2.2.3.jar!/:na]
	at com.sedmelluq.discord.lavaplayer.source.soundcloud.SoundCloudM3uAudioTrack.loadSegments(SoundCloudM3uAudioTrack.java:51) ~[lavaplayer-2.2.3.jar!/:na]
	at com.sedmelluq.discord.lavaplayer.source.soundcloud.SoundCloudM3uAudioTrack.createSegmentTracker(SoundCloudM3uAudioTrack.java:56) ~[lavaplayer-2.2.3.jar!/:na]
	at com.sedmelluq.discord.lavaplayer.source.soundcloud.SoundCloudM3uAudioTrack.process(SoundCloudM3uAudioTrack.java:39) ~[lavaplayer-2.2.3.jar!/:na]
	at com.sedmelluq.discord.lavaplayer.track.DelegatedAudioTrack.processDelegate(DelegatedAudioTrack.java:25) ~[lavaplayer-2.2.3.jar!/:na]
	at com.sedmelluq.discord.lavaplayer.source.soundcloud.SoundCloudAudioTrack.playFromIdentifier(SoundCloudAudioTrack.java:52) ~[lavaplayer-2.2.3.jar!/:na]
	at com.sedmelluq.discord.lavaplayer.source.soundcloud.SoundCloudAudioTrack.process(SoundCloudAudioTrack.java:39) ~[lavaplayer-2.2.3.jar!/:na]
	at com.sedmelluq.discord.lavaplayer.track.playback.LocalAudioTrackExecutor.execute(LocalAudioTrackExecutor.java:109) ~[lavaplayer-2.2.3.jar!/:na]
	... 4 common frames omitted

2026-07-10T00:39:59.099-05:00  INFO 17804 --- [Lavalink] [  XNIO-1 I/O-13] lavalink.server.io.SocketServer          : Connection closed from /127.0.0.1:62815 with status CloseStatus[code=1006, reason=] -- Session can be resumed within the next 60 seconds with id f481822yanyuxsb6
2026-07-10T00:40:59.109-05:00  INFO 17804 --- [Lavalink] [pool-3-thread-1] lavalink.server.io.SocketContext         : Shutting down 0 playing players.
